<?xml version="1.0" encoding="UTF-8"?>
<!-- Generated by org.testng.reporters.JUnitReportReporter -->
<testsuite skipped="0" hostname="LAPTOP-H7S1G7K9" name="demodesignpattern.AmazonHomepagePageFactorytest" tests="1" failures="0" timestamp="2022-12-01T15:08:46 CET" time="3.474" errors="0">
  <testcase name="searchproduct" time="3.474" classname="demodesignpattern.AmazonHomepagePageFactorytest"/>
  <system-out/>
</testsuite> <!-- demodesignpattern.AmazonHomepagePageFactorytest -->
